
=== Wed May  5 17:15:35 2021

Packages were changed.
Update Mode: updateDependencies

The following packages were added:
  com.unity.ads@3.6.1
  com.unity.analytics@3.3.5
  com.unity.collab-proxy@1.2.16
  com.unity.purchasing@3.0.1

=== Wed Dec  1 12:18:13 2021

Packages were changed.
Update Mode: updateDependencies

The following packages were added:
  com.unity.ide.visualstudio@2.0.9
The following packages were updated:
  com.unity.ads from version 3.6.1 to 3.7.1
  com.unity.analytics from version 3.3.5 to 3.5.3
  com.unity.collab-proxy from version 1.2.16 to 1.5.7
  com.unity.ide.rider from version 1.1.4 to 3.0.7
  com.unity.purchasing from version 3.0.1 to 3.2.2
  com.unity.test-framework from version 1.1.22 to 1.1.27
  com.unity.textmeshpro from version 2.0.1 to 3.0.6
  com.unity.timeline from version 1.2.18 to 1.5.5
